2023-07-18 10:28:17,600 [Worker-2: Loading available Gradle versions] INFO  o.e.b.c.i.u.g.PublishedGradleVersions - Gradle version information cache is out-of-date. Trying to update.
2023-07-18 10:31:11,798 [Worker-7: Import Getting Started Content] INFO  o.e.m.c.i.l.LifecycleMappingFactory - Using org.eclipse.m2e.jdt.JarLifecycleMapping lifecycle mapping for MavenProject: com.dailycodebuffer:employee-system-api:0.0.1-SNAPSHOT @ C:\Users\sandeep.kasturi\Documents\project\employee-management-system\employee-system-api\pom.xml.
2023-07-18 10:31:13,849 [Worker-7: Import Getting Started Content] INFO  o.e.m.j.i.AbstractJavaProjectConfigurator - Adding source folder /employee-system-api/src/main/java
2023-07-18 10:31:13,849 [Worker-7: Import Getting Started Content] INFO  o.e.m.j.i.AbstractJavaProjectConfigurator - Adding resource folder /employee-system-api/src/main/resources
2023-07-18 10:31:13,858 [Worker-7: Import Getting Started Content] INFO  o.e.m.j.i.AbstractJavaProjectConfigurator - Adding resource folder /employee-system-api/src/main/resources
2023-07-18 10:31:13,866 [Worker-7: Import Getting Started Content] INFO  o.e.m.j.i.AbstractJavaProjectConfigurator - Adding source folder /employee-system-api/src/test/java
2023-07-18 10:31:17,107 [Worker-7: Import Getting Started Content] INFO  o.e.m.c.i.p.ProjectConfigurationManager - Imported and configured 1 project(s) in 6 sec
2023-07-18 10:31:17,113 [Worker-7: Import Getting Started Content] INFO  o.e.m.c.i.p.ProjectConfigurationManager - Update started
2023-07-18 10:31:17,574 [Worker-7: Import Getting Started Content] INFO  o.e.m.c.i.l.LifecycleMappingFactory - Using org.eclipse.m2e.jdt.JarLifecycleMapping lifecycle mapping for MavenProject: com.dailycodebuffer:employee-system-api:0.0.1-SNAPSHOT @ C:\Users\sandeep.kasturi\Documents\project\employee-management-system\employee-system-api\pom.xml.
2023-07-18 10:31:18,705 [Worker-7: Import Getting Started Content] INFO  o.e.m.j.i.AbstractJavaProjectConfigurator - Adding source folder /employee-system-api/src/main/java
2023-07-18 10:31:18,706 [Worker-7: Import Getting Started Content] INFO  o.e.m.j.i.AbstractJavaProjectConfigurator - Adding resource folder /employee-system-api/src/main/resources
2023-07-18 10:31:18,706 [Worker-7: Import Getting Started Content] INFO  o.e.m.j.i.AbstractJavaProjectConfigurator - Adding resource folder /employee-system-api/src/main/resources
2023-07-18 10:31:18,707 [Worker-7: Import Getting Started Content] INFO  o.e.m.j.i.AbstractJavaProjectConfigurator - Adding source folder /employee-system-api/src/test/java
2023-07-18 10:31:20,013 [Worker-7: Import Getting Started Content] INFO  o.e.m.c.i.p.ProjectConfigurationManager - Update completed for 1 poms: local refresh takes 0.00 sec, refresh facades takes 1.00 sec, update config takes 1.00 sec 
2023-07-18 10:31:20,062 [Worker-11: Updating Maven Project] INFO  o.e.m.c.i.p.ProjectConfigurationManager - Update started
2023-07-18 10:31:20,455 [Worker-11: Updating Maven Project] INFO  o.e.m.c.i.l.LifecycleMappingFactory - Using org.eclipse.m2e.jdt.JarLifecycleMapping lifecycle mapping for MavenProject: com.dailycodebuffer:employee-system-api:0.0.1-SNAPSHOT @ C:\Users\sandeep.kasturi\Documents\project\employee-management-system\employee-system-api\pom.xml.
2023-07-18 10:31:21,598 [Worker-11: Updating Maven Project] INFO  o.e.m.j.i.AbstractJavaProjectConfigurator - Adding source folder /employee-system-api/src/main/java
2023-07-18 10:31:21,599 [Worker-11: Updating Maven Project] INFO  o.e.m.j.i.AbstractJavaProjectConfigurator - Adding resource folder /employee-system-api/src/main/resources
2023-07-18 10:31:21,599 [Worker-11: Updating Maven Project] INFO  o.e.m.j.i.AbstractJavaProjectConfigurator - Adding resource folder /employee-system-api/src/main/resources
2023-07-18 10:31:21,600 [Worker-11: Updating Maven Project] INFO  o.e.m.j.i.AbstractJavaProjectConfigurator - Adding source folder /employee-system-api/src/test/java
2023-07-18 10:31:22,781 [Worker-11: Updating Maven Project] INFO  o.e.m.c.i.p.ProjectConfigurationManager - Update completed for 1 poms: local refresh takes 0.00 sec, refresh facades takes 1.00 sec, update config takes 1.00 sec 
2023-07-18 10:31:23,839 [Worker-5: Building] INFO  o.a.m.s.f.DefaultMavenResourcesFiltering - Copying 1 resource from src\main\resources to target\classes
2023-07-18 10:31:23,861 [Worker-5: Building] INFO  o.a.m.s.f.DefaultMavenResourcesFiltering - Copying 0 resource from src\main\resources to target\classes
2023-07-18 10:31:23,868 [Worker-5: Building] INFO  o.a.m.s.f.DefaultMavenResourcesFiltering - skip non existing resourceDirectory C:\Users\sandeep.kasturi\Documents\project\employee-management-system\employee-system-api\src\test\resources
2023-07-18 12:29:30,364 [Worker-8: Loading available Gradle versions] INFO  o.e.b.c.i.u.g.PublishedGradleVersions - Gradle version information cache is up-to-date. Trying to read.
2023-07-18 12:29:36,539 [Worker-0: Building] INFO  o.e.m.c.i.l.LifecycleMappingFactory - Using org.eclipse.m2e.jdt.JarLifecycleMapping lifecycle mapping for MavenProject: com.dailycodebuffer:employee-system-api:0.0.1-SNAPSHOT @ C:\Users\sandeep.kasturi\Documents\project\employee-management-system\employee-system-api\pom.xml.
2023-07-18 12:29:38,061 [Worker-0: Building] INFO  o.a.m.s.f.DefaultMavenResourcesFiltering - Copying 1 resource from src\main\resources to target\classes
2023-07-18 12:29:38,085 [Worker-0: Building] INFO  o.a.m.s.f.DefaultMavenResourcesFiltering - Copying 0 resource from src\main\resources to target\classes
2023-07-18 12:29:38,092 [Worker-0: Building] INFO  o.a.m.s.f.DefaultMavenResourcesFiltering - skip non existing resourceDirectory C:\Users\sandeep.kasturi\Documents\project\employee-management-system\employee-system-api\src\test\resources
2023-07-18 12:29:40,962 [Worker-14: Building] INFO  o.e.m.c.i.l.LifecycleMappingFactory - Using org.eclipse.m2e.jdt.JarLifecycleMapping lifecycle mapping for MavenProject: com.dailycodebuffer:employee-system-api:0.0.1-SNAPSHOT @ C:\Users\sandeep.kasturi\Documents\project\employee-management-system\employee-system-api\pom.xml.
2023-07-18 12:29:50,748 [Worker-0: Updating Maven Project] INFO  o.e.m.c.i.p.ProjectConfigurationManager - Update started
2023-07-18 12:29:51,112 [Worker-0: Updating Maven Project] INFO  o.e.m.c.i.l.LifecycleMappingFactory - Using org.eclipse.m2e.jdt.JarLifecycleMapping lifecycle mapping for MavenProject: com.dailycodebuffer:employee-system-api:0.0.1-SNAPSHOT @ C:\Users\sandeep.kasturi\Documents\project\employee-management-system\employee-system-api\pom.xml.
2023-07-18 12:29:52,020 [Worker-0: Updating Maven Project] INFO  o.e.m.j.i.AbstractJavaProjectConfigurator - Adding source folder /employee-system-api/src/main/java
2023-07-18 12:29:52,021 [Worker-0: Updating Maven Project] INFO  o.e.m.j.i.AbstractJavaProjectConfigurator - Adding resource folder /employee-system-api/src/main/resources
2023-07-18 12:29:52,021 [Worker-0: Updating Maven Project] INFO  o.e.m.j.i.AbstractJavaProjectConfigurator - Adding resource folder /employee-system-api/src/main/resources
2023-07-18 12:29:52,022 [Worker-0: Updating Maven Project] INFO  o.e.m.j.i.AbstractJavaProjectConfigurator - Adding source folder /employee-system-api/src/test/java
2023-07-18 12:29:53,382 [Worker-0: Updating Maven Project] INFO  o.e.m.c.i.p.ProjectConfigurationManager - Update completed for 1 poms: local refresh takes 0.00 sec, refresh facades takes 1.00 sec, update config takes 1.00 sec 
2023-07-18 12:29:54,000 [Worker-0: Building] INFO  o.a.m.s.f.DefaultMavenResourcesFiltering - Copying 1 resource from src\main\resources to target\classes
2023-07-18 12:29:54,022 [Worker-0: Building] INFO  o.a.m.s.f.DefaultMavenResourcesFiltering - Copying 0 resource from src\main\resources to target\classes
2023-07-18 12:29:54,028 [Worker-0: Building] INFO  o.a.m.s.f.DefaultMavenResourcesFiltering - skip non existing resourceDirectory C:\Users\sandeep.kasturi\Documents\project\employee-management-system\employee-system-api\src\test\resources
